<?xml version="1.0" encoding="UTF-8"?>
<testng-results ignored="0" total="1" passed="1" failed="0" skipped="0">
  <reporter-output>
  </reporter-output>
  <suite started-at="2023-06-13T22:19:32 IST" name="Suite" finished-at="2023-06-13T22:19:33 IST" duration-ms="339">
    <groups>
    </groups>
    <test started-at="2023-06-13T22:19:32 IST" name="Test" finished-at="2023-06-13T22:19:33 IST" duration-ms="339">
      <class name="com.qa.testscript.TC_FlipKart_001">
        <test-method is-config="true" signature="setUp(java.lang.String,java.lang.String)[pri:0, instance:com.qa.testscript.TC_FlipKart_001@663c9e7a]" started-at="2023-06-13T22:19:28 IST" name="setUp" finished-at="2023-06-13T22:19:32 IST" duration-ms="3952" status="PASS">
          <params>
            <param index="0">
              <value>
                <![CDATA[Edge]]>
              </value>
            </param>
            <param index="1">
              <value>
                <![CDATA[https://www.flipkart.com/]]>
              </value>
            </param>
          </params>
          <reporter-output>
          </reporter-output>
        </test-method> <!-- setUp -->
        <test-method signature="checkPopUpCloseButton()[pri:0, instance:com.qa.testscript.TC_FlipKart_001@663c9e7a]" started-at="2023-06-13T22:19:33 IST" name="checkPopUpCloseButton" finished-at="2023-06-13T22:19:33 IST" duration-ms="157" status="PASS">
          <reporter-output>
          </reporter-output>
        </test-method> <!-- checkPopUpCloseButton -->
        <test-method is-config="true" signature="tearDown()[pri:0, instance:com.qa.testscript.TC_FlipKart_001@663c9e7a]" started-at="2023-06-13T22:19:33 IST" name="tearDown" finished-at="2023-06-13T22:19:33 IST" duration-ms="1" status="PASS">
          <reporter-output>
          </reporter-output>
        </test-method> <!-- tearDown -->
      </class> <!-- com.qa.testscript.TC_FlipKart_001 -->
    </test> <!-- Test -->
  </suite> <!-- Suite -->
</testng-results>
